<?xml version="1.0" encoding="utf-8"?><testsuites name="pytest tests"><testsuite name="pytest" errors="0" failures="0" skipped="0" tests="10" time="5.031" timestamp="2026-04-21T02:13:58.582458+00:00" hostname="agent-env-09f74bed-fd77-466d-b289-f8dcf667f23f"><testcase classname="backend.tests.backend_test" name="test_login_seeded_roles[hrdd]" time="0.540" /><testcase classname="backend.tests.backend_test" name="test_login_seeded_roles[supervisor]" time="0.378" /><testcase classname="backend.tests.backend_test" name="test_login_seeded_roles[user]" time="0.389" /><testcase classname="backend.tests.backend_test" name="test_login_invalid" time="0.372" /><testcase classname="backend.tests.backend_test" name="test_me_and_logout" time="0.510" /><testcase classname="backend.tests.backend_test" name="test_register_duplicate" time="0.155" /><testcase classname="backend.tests.backend_test" name="test_form_submit_get_and_status_flow" time="1.455" /><testcase classname="backend.tests.backend_test" name="test_unauth_form_access" time="0.145" /><testcase classname="backend.tests.backend_test" name="test_user_cannot_update_status" time="0.446" /><testcase classname="backend.tests.backend_test" name="test_stats_endpoint" time="0.450" /></testsuite></testsuites>